nohup: ignoring input
nohup: ignoring input
True
(985780, 128)
985780
Connected to bot: nft-search
Bot ID: 972327275070631966
message from discord.
Saving image: upload/8dac1b72-4451-4997-90ec-d9d4282efece.jpg
(1, 128)
[[981690 913583 916374 902541 742074 983516 917440 985432 900075 912186]]
[[ 0.21033028 67.70599    69.77956    69.95288    71.5087     71.59038
  72.153625   73.41774    74.53038    74.93908   ]]
/home/ec2-user/workspace/data/train/azuki/05935.png
message from discord.
Saving image: upload/f4c877fe-6021-4fd0-87e5-2a387119ab05.jpg
(1, 128)
[[844084 843438 597647 848891 597500 594623 116728 594726 115870 595474]]
[[1.2797307e-02 2.9834127e+01 6.9661423e+01 7.4528175e+01 7.5007462e+01
  7.6327530e+01 7.7129593e+01 7.7889519e+01 7.8732742e+01 7.9394394e+01]]
/home/ec2-user/workspace/data/train/world-of-women-galaxy/04458.png
message from discord.
Saving image: upload/83060ade-fda2-4b61-8a8a-a42044ba8b6d.jpg
(1, 128)
[[853160 857116 847983 840635 856201 851166 857581 842765 854753 850123]]
[[3.5750549e-03 2.8382122e+01 3.2531910e+01 3.2977001e+01 3.3620674e+01
  3.4025421e+01 3.5085594e+01 3.6436321e+01 3.6661659e+01 3.6798615e+01]]
/home/ec2-user/workspace/data/train/world-of-women-galaxy/14065.png
message from discord.
Saving image: upload/534a85a0-c67e-4cef-9904-3e39e78bcdea.jpg
(1, 128)
[[683713 109332 683593 109559 103878 109468 677838 109840 185376 103826]]
[[ 0.62215817 64.51321    64.80819    65.58442    69.02711    69.142624
  69.77797    69.86005    70.004135   70.2067    ]]
/home/ec2-user/workspace/data/train/doodles-official/09016.png
message from discord.
Saving image: upload/3a13c483-9a4e-4e73-9794-ad23bd07c113.jpg
(1, 128)
[[511330 175494 452449 515496 204021 175481 201537 510490 602532 844933]]
[[74.21819  77.87118  79.42983  79.54114  80.21123  81.923416 82.12181
  83.84931  84.87602  84.88907 ]]
/home/ec2-user/workspace/data/notrain/mfers/01938.png
message from discord.
Saving image: upload/36d2d8b3-b9c8-4341-be04-a347eaa7b79c.jpg
(1, 128)
[[38610 44033 43580 44752 43918 43056 38486 46055 41394 40915]]
[[4.5533180e-02 4.2185646e+01 4.7187702e+01 4.7514133e+01 4.8679733e+01
  5.7302975e+01 5.8327652e+01 5.9440960e+01 6.2601257e+01 6.3011925e+01]]
/home/ec2-user/workspace/data/notrain/crecodiles/0201.png
message from discord.
Saving image: upload/68a5fedf-6e91-4939-b6d2-34b602a3fc19.jpg
(1, 128)
[[273391 272911 272612 271316 287182 288028 274636 280059 287720 273020]]
[[0.1667453  0.5459055  0.64472324 0.8497593  1.1755109  1.2069397
  1.5411131  1.5600995  1.5862815  1.6253738 ]]
/home/ec2-user/workspace/data/notrain/otherdeed/70989.png
message from discord.
Saving image: upload/c7b4bb9f-b62a-4a1a-bfa8-c7ac2c12696c.jpg
(1, 128)
[[350259 351205 352007 350093 350592 353268 350220 351352 355593 348266]]
[[2.4038088e-02 1.8012718e+01 3.4518997e+01 4.5579327e+01 4.7316681e+01
  5.3515228e+01 5.3699043e+01 5.4705734e+01 5.4985142e+01 5.5069679e+01]]
/home/ec2-user/workspace/data/notrain/cool-cats-nft/2849.png
message from discord.
Saving image: upload/5257a617-c4c8-4f5b-94f4-82b261fda7ce.jpg
(1, 128)
[[583607 583570 587567 588980 590983 591147 589627 586818 583775 587506]]
[[ 9.7880745 24.22657   27.425598  27.675987  28.292614  29.572613
  31.31364   33.416893  33.818604  35.3227   ]]
/home/ec2-user/workspace/data/train/boredapeyachtclub/0887.png
message from discord.
Saving image: upload/f6934e01-213a-4a11-99fb-f41d0c39e8bf.jpg
(1, 128)
[[617100 622246 614886 612033 619151 624056 609529 626301 608111 618901]]
[[8.1243832e-03 3.1863373e+01 3.3547344e+01 3.4380104e+01 3.6280773e+01
  3.7432747e+01 3.8924946e+01 3.9094833e+01 3.9217529e+01 4.4148796e+01]]
/home/ec2-user/workspace/data/train/clonex/09370.png
message from discord.
Saving image: upload/c854d859-74b9-4696-8595-811a83988354.jpg
(1, 128)
[[338010 330100 328772 331134 330087 329305 337194 336581 335370 334318]]
[[ 0.04441189  1.5942619  11.101791   11.844124   11.847251   12.000469
  12.19348    12.49563    13.5144005  17.98129   ]]
/home/ec2-user/workspace/data/notrain/cryptopunks/9462.png
message from discord.
Saving image: upload/1cea58ea-9403-4d8a-8c7f-bade4783f856.jpg
(1, 128)
[[589201 590584 589153 589322 588452 584353 588336 588464 592379 584989]]
[[ 0.06735699 20.998787   27.06039    31.248348   34.43258    37.406143
  38.34237    41.261047   41.593117   43.58812   ]]
/home/ec2-user/workspace/data/train/boredapeyachtclub/6462.png
message from discord.
Saving image: upload/ee98d4c5-f736-4b35-acf8-6b9d4b1e4471.jpg
(1, 128)
[[788435 783918 789378 792110 783851 787666 789761 785029 785926 555282]]
[[ 0.14939678 60.109993   62.384712   62.61663    65.980286   67.77029
  70.6355     71.00594    77.09136    77.9106    ]]
/home/ec2-user/workspace/data/train/proof-moonbirds/05817.png
message from discord.
Error: No attachments
message from discord.
Saving image: upload/c9ae4beb-1044-4e34-add0-c22491e0e6bd.jpg
(1, 128)
[[678897 379509 376128 367819 938082 549706 934622 876715 681498 553011]]
[[66.66424  77.45714  79.05258  83.60367  85.70389  85.83017  86.26381
  86.66997  86.859665 86.894424]]
/home/ec2-user/workspace/data/train/doodles-official/04176.png
message from discord.
Saving image: upload/deca1383-669e-4832-949b-f119a9d2b74c.jpg
(1, 128)
[[623698 617210 626914 622505 619632 610083 621245 610202 626380 623857]]
[[8.6172651e-03 4.4257782e+01 4.9747700e+01 5.1773117e+01 5.6033417e+01
  5.6424149e+01 6.0303776e+01 6.2163925e+01 6.3800011e+01 6.4753952e+01]]
/home/ec2-user/workspace/data/train/clonex/15973.png
message from discord.
Saving image: upload/2a23ed2c-f9d6-40f4-bfba-a67622176a3c.jpg
(1, 128)
[[589869 812915 805133 448397 592023 175915 716645 764792 182505 176869]]
[[68.49641 69.82624 72.61829 73.57783 74.3618  74.71631 75.58551 77.22782
  77.32068 77.34043]]
/home/ec2-user/workspace/data/train/boredapeyachtclub/7165.png
message from discord.
Saving image: upload/0772a952-29e0-41ad-ba60-f5fc4985b037.jpg
(1, 128)
[[617100 622246 614886 612033 619151 624056 609529 626301 608111 618901]]
[[8.1243832e-03 3.1863373e+01 3.3547344e+01 3.4380104e+01 3.6280773e+01
  3.7432747e+01 3.8924946e+01 3.9094833e+01 3.9217529e+01 4.4148796e+01]]
/home/ec2-user/workspace/data/train/clonex/09370.png
message from discord.
Saving image: upload/4519f931-6343-481f-83b2-58711c4d7ad3.jpg
(1, 128)
[[517821 511143 512008 516852 517748 516036 516832 519038 517478 518474]]
[[1.6470594 1.8322878 1.9961483 2.0700355 2.1546245 2.266045  2.3548546
  2.6579804 2.8489652 3.0331717]]
/home/ec2-user/workspace/data/notrain/mfers/08415.png
message from discord.
Saving image: upload/d3d1db7a-85c7-408c-86c9-b9e0dd1b2ea8.jpg
(1, 128)
[[519269 512220 514917 514522 516922 514803 511911 510188 518051 510576]]
[[0.02898772 0.05364898 1.0919112  2.8036675  3.8279657  4.075889
  4.365116   6.537381   6.703167   8.551236  ]]
/home/ec2-user/workspace/data/notrain/mfers/09862.png
message from discord.
Saving image: upload/86206f40-1e41-4843-8be5-9cb9f14473e5.jpg
(1, 128)
[[512351 515391 517031 511070 512677 509535 519094 516120 511728 514295]]
[[ 3.1627088 16.37674   16.881546  19.011623  19.85164   23.451265
  30.300793  31.574245  32.268444  32.493492 ]]
/home/ec2-user/workspace/data/notrain/mfers/02958.png
message from discord.
Saving image: upload/152a2f5e-3b22-4c27-b9dc-61c0032155f3.jpg
(1, 128)
[[518969 516255 518030 517206 513897 510312 512142 515438 517626 509973]]
[[ 0.1348095 14.937107  18.968618  26.74783   27.551834  36.627007
  37.12578   37.404163  39.203648  40.44767  ]]
/home/ec2-user/workspace/data/notrain/mfers/09560.png
message from discord.
Saving image: upload/5199e0cb-d7cd-4234-a33f-94eb81d31445.jpg
(1, 128)
[[518957 517752 514992 517004 517258 515428 510317 511126 515004 513914]]
[[11.262316  11.388319  11.725676  12.5750885 13.194857  13.218455
  14.4870405 17.232422  17.955807  19.107307 ]]
/home/ec2-user/workspace/data/notrain/mfers/09544.png
message from discord.
Saving image: upload/23d48940-6605-4535-aa80-4ac25b7a79ba.jpg
(1, 128)
[[176304 720565 723499 727444 725114 729463 609788 722541  69624 840700]]
[[ 1.0122802 56.04176   57.16779   57.5981    57.858902  58.603874
  60.311966  60.59469   61.050026  61.758953 ]]
/home/ec2-user/workspace/data/notrain/gutterdogs/1221.png
message from discord.
